<?xml version="1.0" encoding="UTF-8"?>
<testsuite name="org.example.Controllers.AdminControllerTest" tests="3" skipped="0" failures="0" errors="0" timestamp="2024-06-09T18:06:39" hostname="CASA" time="0.032">
  <properties/>
  <testcase name="mostExpensivePlayerTest()" classname="org.example.Controllers.AdminControllerTest" time="0.028"/>
  <testcase name="cheapestPlayerTest()" classname="org.example.Controllers.AdminControllerTest" time="0.001"/>
  <testcase name="getTotalValueTest()" classname="org.example.Controllers.AdminControllerTest" time="0.001"/>
  <system-out><![CDATA[]]></system-out>
  <system-err><![CDATA[]]></system-err>
</testsuite>
