<?xml version="1.0" encoding="UTF-8"?>
<testsuite name="org.example.Controllers.LoginControllerTest" tests="3" skipped="0" failures="0" errors="0" timestamp="2024-06-09T18:06:39" hostname="CASA" time="0.008">
  <properties/>
  <testcase name="authorizeLoginTestUserErrado()" classname="org.example.Controllers.LoginControllerTest" time="0.003"/>
  <testcase name="authorizeLoginTest()" classname="org.example.Controllers.LoginControllerTest" time="0.001"/>
  <testcase name="authorizeLoginTestPassErrada()" classname="org.example.Controllers.LoginControllerTest" time="0.001"/>
  <system-out><![CDATA[]]></system-out>
  <system-err><![CDATA[]]></system-err>
</testsuite>
