<?xml version="1.0" encoding="UTF-8"?>
<testsuite name="org.example.Tools.PlayersReaderTest" tests="3" skipped="0" failures="0" errors="0" timestamp="2024-06-09T18:06:39" hostname="CASA" time="0.014">
  <properties/>
  <testcase name="invalidPath()" classname="org.example.Tools.PlayersReaderTest" time="0.004"/>
  <testcase name="readPlayersFileArrayIndexOutOfBoundsException()" classname="org.example.Tools.PlayersReaderTest" time="0.004"/>
  <testcase name="readPlayersFile()" classname="org.example.Tools.PlayersReaderTest" time="0.005"/>
  <system-out><![CDATA[]]></system-out>
  <system-err><![CDATA[]]></system-err>
</testsuite>
