<?xml version="1.0" encoding="UTF-8"?>
<testsuite name="org.example.Domain.CompetitionTest" tests="6" skipped="0" failures="0" errors="0" timestamp="2024-06-09T18:06:39" hostname="CASA" time="0.027">
  <properties/>
  <testcase name="testToString()" classname="org.example.Domain.CompetitionTest" time="0.016"/>
  <testcase name="getDate()" classname="org.example.Domain.CompetitionTest" time="0.001"/>
  <testcase name="getCompetitionName()" classname="org.example.Domain.CompetitionTest" time="0.001"/>
  <testcase name="getEnemyGoals()" classname="org.example.Domain.CompetitionTest" time="0.002"/>
  <testcase name="getEnemy()" classname="org.example.Domain.CompetitionTest" time="0.001"/>
  <testcase name="getOurGoals()" classname="org.example.Domain.CompetitionTest" time="0.001"/>
  <system-out><![CDATA[]]></system-out>
  <system-err><![CDATA[]]></system-err>
</testsuite>
